[23Feb2025 00:05:53.253] [Worker-Main-167/WARN] [ModernFix/]: Skipped emitting ENTITY_MOUNT game event for entity Spider['Spider'/48520, l='ServerLevel[world]', x=-446.50, y=22.00, z=856.50] as it would cause deadlock
[23Feb2025 00:05:53.405] [Worker-Main-166/WARN] [ModernFix/]: Skipped emitting ENTITY_MOUNT game event for entity Spider['Spider'/48524, l='ServerLevel[world]', x=-454.50, y=22.00, z=856.50] as it would cause deadlock
[23Feb2025 00:05:58.722] [Worker-Main-167/WARN] [ModernFix/]: Skipped emitting ENTITY_MOUNT game event for entity Spider['Spider'/48546, l='ServerLevel[world]', x=-478.50, y=-56.00, z=804.50] as it would cause deadlock
[23Feb2025 00:06:08.136] [Worker-Main-178/WARN] [ModernFix/]: Skipped emitting ENTITY_MOUNT game event for entity Spider['Spider'/48640, l='ServerLevel[world]', x=-429.50, y=22.00, z=905.50] as it would cause deadlock
[23Feb2025 00:06:08.289] [Worker-Main-200/WARN] [ModernFix/]: Skipped emitting ENTITY_MOUNT game event for entity Spider['Spider'/48645, l='ServerLevel[world]', x=-413.50, y=22.00, z=905.50] as it would cause deadlock
[23Feb2025 00:06:12.837] [Worker-Main-166/WARN] [ModernFix/]: Skipped emitting ENTITY_MOUNT game event for entity Spider['Spider'/48844, l='ServerLevel[world]', x=-482.50, y=-53.00, z=824.50] as it would cause deadlock
[23Feb2025 00:06:12.910] [Worker-Main-166/WARN] [net.minecraft.server.level.WorldGenRegion/]: Tried to access a block entity before it was created. BlockPos{x=-486, y=-54, z=841}
[23Feb2025 00:06:12.910] [Worker-Main-166/WARN] [net.minecraft.server.level.WorldGenRegion/]: Tried to access a block entity before it was created. BlockPos{x=-486, y=-54, z=840}
[23Feb2025 00:06:12.911] [Worker-Main-166/WARN] [net.minecraft.server.level.WorldGenRegion/]: Tried to access a block entity before it was created. BlockPos{x=-487, y=-54, z=840}
[23Feb2025 00:06:12.911] [Worker-Main-166/WARN] [net.minecraft.server.level.WorldGenRegion/]: Tried to access a block entity before it was created. BlockPos{x=-486, y=-54, z=841}
[23Feb2025 00:06:12.912] [Worker-Main-166/WARN] [net.minecraft.server.level.WorldGenRegion/]: Tried to access a block entity before it was created. BlockPos{x=-486, y=-54, z=840}
[23Feb2025 00:06:12.912] [Worker-Main-166/WARN] [net.minecraft.server.level.WorldGenRegion/]: Tried to access a block entity before it was created. BlockPos{x=-487, y=-54, z=840}
[23Feb2025 00:06:12.912] [Worker-Main-166/WARN] [net.minecraft.server.level.WorldGenRegion/]: Tried to access a block entity before it was created. BlockPos{x=-494, y=-54, z=840}
[23Feb2025 00:06:12.913] [Worker-Main-166/WARN] [net.minecraft.server.level.WorldGenRegion/]: Tried to access a block entity before it was created. BlockPos{x=-495, y=-54, z=839}
[23Feb2025 00:06:12.913] [Worker-Main-166/WARN] [net.minecraft.server.level.WorldGenRegion/]: Tried to access a block entity before it was created. BlockPos{x=-494, y=-54, z=840}
[23Feb2025 00:06:12.914] [Worker-Main-166/WARN] [net.minecraft.server.level.WorldGenRegion/]: Tried to access a block entity before it was created. BlockPos{x=-495, y=-54, z=839}
[23Feb2025 00:06:12.973] [Worker-Main-200/WARN] [ModernFix/]: Skipped emitting ENTITY_MOUNT game event for entity Spider['Spider'/48851, l='ServerLevel[world]', x=-480.50, y=22.00, z=775.50] as it would cause deadlock
[23Feb2025 00:06:12.974] [Worker-Main-200/WARN] [ModernFix/]: Skipped emitting ENTITY_MOUNT game event for entity Spider['Spider'/48853, l='ServerLevel[world]', x=-488.50, y=22.00, z=775.50] as it would cause deadlock
[23Feb2025 00:06:24.942] [Worker-Main-166/WARN] [ModernFix/]: Skipped emitting ENTITY_MOUNT game event for entity Spider['Spider'/48982, l='ServerLevel[world]', x=-460.50, y=-53.00, z=928.50] as it would cause deadlock
[23Feb2025 00:06:24.943] [Worker-Main-166/WARN] [ModernFix/]: Skipped emitting ENTITY_MOUNT game event for entity Spider['Spider'/48984, l='ServerLevel[world]', x=-460.50, y=-53.00, z=936.50] as it would cause deadlock
[23Feb2025 00:06:30.332] [Worker-Main-166/WARN] [ModernFix/]: Skipped emitting ENTITY_MOUNT game event for entity Spider['Spider'/49068, l='ServerLevel[world]', x=-437.50, y=22.00, z=963.50] as it would cause deadlock
[23Feb2025 00:06:32.334] [Worker-Main-167/WARN] [ModernFix/]: Skipped emitting ENTITY_MOUNT game event for entity CaveSpider['Cave Spider'/49120, l='ServerLevel[world]', x=-494.50, y=22.00, z=936.50] as it would cause deadlock
[23Feb2025 00:06:32.948] [Worker-Main-179/WARN] [ModernFix/]: Skipped emitting ENTITY_MOUNT game event for entity Spider['Spider'/49130, l='ServerLevel[world]', x=-498.50, y=22.00, z=937.50] as it would cause deadlock
[23Feb2025 00:06:33.100] [Worker-Main-166/WARN] [net.minecraft.server.level.WorldGenRegion/]: Tried to access a block entity before it was created. BlockPos{x=-504, y=-53, z=820}
[23Feb2025 00:06:33.100] [Worker-Main-166/WARN] [net.minecraft.server.level.WorldGenRegion/]: Tried to access a block entity before it was created. BlockPos{x=-504, y=-53, z=820}
[23Feb2025 00:06:33.166] [Worker-Main-167/WARN] [net.minecraft.server.level.WorldGenRegion/]: Tried to access a block entity before it was created. BlockPos{x=-499, y=-54, z=781}
[23Feb2025 00:06:33.166] [Worker-Main-167/WARN] [net.minecraft.server.level.WorldGenRegion/]: Tried to access a block entity before it was created. BlockPos{x=-500, y=-54, z=783}
[23Feb2025 00:06:33.166] [Worker-Main-167/WARN] [net.minecraft.server.level.WorldGenRegion/]: Tried to access a block entity before it was created. BlockPos{x=-499, y=-54, z=781}
[23Feb2025 00:06:33.166] [Worker-Main-167/WARN] [net.minecraft.server.level.WorldGenRegion/]: Tried to access a block entity before it was created. BlockPos{x=-500, y=-54, z=783}
[23Feb2025 00:06:34.355] [Worker-Main-178/WARN] [net.minecraft.server.level.WorldGenRegion/]: Tried to access a block entity before it was created. BlockPos{x=-526, y=-60, z=776}
[23Feb2025 00:06:34.356] [Worker-Main-178/WARN] [net.minecraft.server.level.WorldGenRegion/]: Tried to access a block entity before it was created. BlockPos{x=-527, y=-60, z=775}
[23Feb2025 00:06:34.356] [Worker-Main-178/WARN] [net.minecraft.server.level.WorldGenRegion/]: Tried to access a block entity before it was created. BlockPos{x=-526, y=-60, z=776}
[23Feb2025 00:06:34.356] [Worker-Main-178/WARN] [net.minecraft.server.level.WorldGenRegion/]: Tried to access a block entity before it was created. BlockPos{x=-527, y=-60, z=775}
[23Feb2025 00:06:34.499] [Worker-Main-178/WARN] [net.minecraft.server.level.WorldGenRegion/]: Tried to access a block entity before it was created. BlockPos{x=-528, y=-30, z=890}
[23Feb2025 00:06:34.499] [Worker-Main-178/WARN] [net.minecraft.server.level.WorldGenRegion/]: Tried to access a block entity before it was created. BlockPos{x=-528, y=-30, z=890}
[23Feb2025 00:06:35.066] [Worker-Main-166/WARN] [net.minecraft.server.level.WorldGenRegion/]: Tried to access a block entity before it was created. BlockPos{x=-521, y=-18, z=864}
[23Feb2025 00:06:35.066] [Worker-Main-166/WARN] [net.minecraft.server.level.WorldGenRegion/]: Tried to access a block entity before it was created. BlockPos{x=-523, y=-18, z=865}
[23Feb2025 00:06:35.066] [Worker-Main-166/WARN] [net.minecraft.server.level.WorldGenRegion/]: Tried to access a block entity before it was created. BlockPos{x=-521, y=-18, z=864}
[23Feb2025 00:06:35.066] [Worker-Main-166/WARN] [net.minecraft.server.level.WorldGenRegion/]: Tried to access a block entity before it was created. BlockPos{x=-523, y=-18, z=865}
[23Feb2025 00:06:35.134] [Worker-Main-178/WARN] [net.minecraft.server.level.WorldGenRegion/]: Tried to access a block entity before it was created. BlockPos{x=-515, y=21, z=857}
[23Feb2025 00:06:35.135] [Worker-Main-178/WARN] [net.minecraft.server.level.WorldGenRegion/]: Tried to access a block entity before it was created. BlockPos{x=-515, y=21, z=857}
[23Feb2025 00:06:35.216] [Worker-Main-179/WARN] [net.minecraft.server.level.WorldGenRegion/]: Tried to access a block entity before it was created. BlockPos{x=-516, y=8, z=822}
[23Feb2025 00:06:35.217] [Worker-Main-179/WARN] [net.minecraft.server.level.WorldGenRegion/]: Tried to access a block entity before it was created. BlockPos{x=-516, y=8, z=822}
[23Feb2025 00:08:27.297] [Worker-Main-178/WARN] [ModernFix/]: Skipped emitting ENTITY_MOUNT game event for entity Spider['Spider'/49920, l='ServerLevel[world]', x=-75.50, y=-53.00, z=1022.50] as it would cause deadlock
[23Feb2025 00:08:27.534] [Worker-Main-167/WARN] [ModernFix/]: Skipped emitting ENTITY_MOUNT game event for entity Spider['Spider'/49928, l='ServerLevel[world]', x=-75.50, y=-53.00, z=1030.50] as it would cause deadlock
[23Feb2025 00:09:12.934] [Server thread/INFO] [net.minecraft.server.MinecraftServer/]: marcouwu2005 has made the advancement [Not Today, Thank You]
[23Feb2025 00:09:13.864] [Worker-Main-200/WARN] [ModernFix/]: Skipped emitting ENTITY_MOUNT game event for entity CaveSpider['Cave Spider'/50263, l='ServerLevel[world]', x=-83.50, y=-53.00, z=1111.50] as it would cause deadlock
[23Feb2025 00:09:13.864] [Worker-Main-200/WARN] [ModernFix/]: Skipped emitting ENTITY_MOUNT game event for entity Spider['Spider'/50265, l='ServerLevel[world]', x=-83.50, y=-53.00, z=1119.50] as it would cause deadlock
[23Feb2025 00:09:50.061] [Server thread/INFO] [net.minecraft.server.MinecraftServer/]: marcouwu2005 was shot by Pillager
[23Feb2025 00:09:51.280] [Server thread/WARN] [dev.gigaherz.toolbelt.slot.BeltExtensionSlot/]: New entity has data, contents assigned.
[23Feb2025 00:12:11.139] [Server thread/INFO] [net.minecraft.server.MinecraftServer/]: marcouwu2005 was shot by Pillager
[23Feb2025 00:12:12.703] [Server thread/WARN] [dev.gigaherz.toolbelt.slot.BeltExtensionSlot/]: New entity has data, contents assigned.
[23Feb2025 00:15:07.080] [Worker-Main-178/WARN] [net.minecraft.world.entity.EntityType/]: Skipping Entity with id scpo:scp_966
[23Feb2025 00:15:46.598] [Server thread/INFO] [net.minecraft.server.MinecraftServer/]: marcouwu2005 was blown up by Creeper Minion
[23Feb2025 00:15:47.944] [Server thread/WARN] [dev.gigaherz.toolbelt.slot.BeltExtensionSlot/]: New entity has data, contents assigned.
[23Feb2025 00:20:26.377] [Worker-Main-166/WARN] [net.minecraft.server.level.WorldGenRegion/]: Tried to access a block entity before it was created. BlockPos{x=-6, y=-54, z=1121}
[23Feb2025 00:20:26.377] [Worker-Main-166/WARN] [net.minecraft.server.level.WorldGenRegion/]: Tried to access a block entity before it was created. BlockPos{x=-6, y=-53, z=1122}
[23Feb2025 00:20:26.377] [Worker-Main-166/WARN] [net.minecraft.server.level.WorldGenRegion/]: Tried to access a block entity before it was created. BlockPos{x=-6, y=-54, z=1121}
[23Feb2025 00:20:26.378] [Worker-Main-166/WARN] [net.minecraft.server.level.WorldGenRegion/]: Tried to access a block entity before it was created. BlockPos{x=-6, y=-53, z=1122}
[23Feb2025 00:20:37.839] [Worker-Main-166/WARN] [ModernFix/]: Skipped emitting ENTITY_MOUNT game event for entity CaveSpider['Cave Spider'/56190, l='ServerLevel[world]', x=33.50, y=22.00, z=1170.50] as it would cause deadlock
[23Feb2025 00:20:37.936] [Worker-Main-200/WARN] [net.minecraft.server.level.WorldGenRegion/]: Tried to access a block entity before it was created. BlockPos{x=8, y=-41, z=1171}
[23Feb2025 00:20:37.936] [Worker-Main-200/WARN] [net.minecraft.server.level.WorldGenRegion/]: Tried to access a block entity before it was created. BlockPos{x=9, y=-41, z=1170}
[23Feb2025 00:20:37.936] [Worker-Main-200/WARN] [net.minecraft.server.level.WorldGenRegion/]: Tried to access a block entity before it was created. BlockPos{x=8, y=-41, z=1171}
[23Feb2025 00:20:37.937] [Worker-Main-200/WARN] [net.minecraft.server.level.WorldGenRegion/]: Tried to access a block entity before it was created. BlockPos{x=9, y=-41, z=1170}
[23Feb2025 00:20:38.230] [Worker-Main-179/WARN] [ModernFix/]: Skipped emitting ENTITY_MOUNT game event for entity Spider['Spider'/56204, l='ServerLevel[world]', x=79.50, y=-59.00, z=1179.50] as it would cause deadlock
[23Feb2025 00:20:40.100] [Worker-Main-167/WARN] [net.minecraft.server.level.WorldGenRegion/]: Tried to access a block entity before it was created. BlockPos{x=107, y=-41, z=1112}
[23Feb2025 00:20:40.101] [Worker-Main-167/WARN] [net.minecraft.server.level.WorldGenRegion/]: Tried to access a block entity before it was created. BlockPos{x=107, y=-41, z=1112}
[23Feb2025 00:20:40.364] [Worker-Main-166/WARN] [ModernFix/]: Skipped emitting ENTITY_MOUNT game event for entity CaveSpider['Cave Spider'/56241, l='ServerLevel[world]', x=106.50, y=-56.00, z=1183.50] as it would cause deadlock
[23Feb2025 00:20:42.959] [Worker-Main-200/WARN] [net.minecraft.server.level.WorldGenRegion/]: Tried to access a block entity before it was created. BlockPos{x=84, y=-54, z=1199}
[23Feb2025 00:20:42.960] [Worker-Main-200/WARN] [net.minecraft.server.level.WorldGenRegion/]: Tried to access a block entity before it was created. BlockPos{x=84, y=-54, z=1199}
[23Feb2025 00:21:01.407] [Worker-Main-167/WARN] [ModernFix/]: Skipped emitting ENTITY_MOUNT game event for entity CaveSpider['Cave Spider'/56704, l='ServerLevel[world]', x=117.50, y=22.00, z=1193.50] as it would cause deadlock
[23Feb2025 00:21:02.090] [Worker-Main-167/WARN] [ModernFix/]: Skipped emitting ENTITY_MOUNT game event for entity Spider['Spider'/56716, l='ServerLevel[world]', x=-22.50, y=-53.00, z=1185.50] as it would cause deadlock
[23Feb2025 00:21:02.097] [Worker-Main-167/WARN] [ModernFix/]: Skipped emitting ENTITY_MOUNT game event for entity Spider['Spider'/56718, l='ServerLevel[world]', x=-30.50, y=-53.00, z=1185.50] as it would cause deadlock
[23Feb2025 00:21:13.218] [Worker-Main-167/WARN] [net.minecraft.server.level.WorldGenRegion/]: Tried to access a block entity before it was created. BlockPos{x=-7, y=-54, z=1203}
[23Feb2025 00:21:13.218] [Worker-Main-167/WARN] [net.minecraft.server.level.WorldGenRegion/]: Tried to access a block entity before it was created. BlockPos{x=-6, y=-53, z=1204}
[23Feb2025 00:21:13.219] [Worker-Main-167/WARN] [net.minecraft.server.level.WorldGenRegion/]: Tried to access a block entity before it was created. BlockPos{x=-7, y=-54, z=1203}
[23Feb2025 00:21:13.219] [Worker-Main-167/WARN] [net.minecraft.server.level.WorldGenRegion/]: Tried to access a block entity before it was created. BlockPos{x=-6, y=-53, z=1204}
[23Feb2025 00:21:13.249] [Worker-Main-167/WARN] [ModernFix/]: Skipped emitting ENTITY_MOUNT game event for entity Spider['Spider'/56847, l='ServerLevel[world]', x=117.50, y=22.00, z=1205.50] as it would cause deadlock
[23Feb2025 00:21:13.288] [Worker-Main-179/WARN] [ModernFix/]: Skipped emitting ENTITY_MOUNT game event for entity Spider['Spider'/56849, l='ServerLevel[world]', x=151.50, y=19.00, z=1203.50] as it would cause deadlock
[23Feb2025 00:21:39.878] [Worker-Main-166/WARN] [ModernFix/]: Skipped emitting ENTITY_MOUNT game event for entity Spider['Spider'/57049, l='ServerLevel[world]', x=124.50, y=22.00, z=1239.50] as it would cause deadlock
[23Feb2025 00:21:39.879] [Worker-Main-166/WARN] [ModernFix/]: Skipped emitting ENTITY_MOUNT game event for entity Spider['Spider'/57051, l='ServerLevel[world]', x=124.50, y=22.00, z=1247.50] as it would cause deadlock
[23Feb2025 00:21:40.181] [Worker-Main-179/WARN] [ModernFix/]: Skipped emitting ENTITY_MOUNT game event for entity Chicken['Chicken'/57054, l='ServerLevel[world]', x=173.50, y=22.00, z=1243.50] as it would cause deadlock
[23Feb2025 00:21:46.800] [Worker-Main-166/WARN] [ModernFix/]: Skipped emitting ENTITY_MOUNT game event for entity CaveSpider['Cave Spider'/57134, l='ServerLevel[world]', x=51.50, y=-3.00, z=1258.50] as it would cause deadlock
[23Feb2025 00:24:24.443] [Server thread/INFO] [net.minecraft.server.MinecraftServer/]: marcouwu2005 has made the advancement [Gone Bananas!]
[23Feb2025 00:30:40.368] [Netty Epoll Server IO #1/WARN] [com.connectivity.Connectivity/]: Packet:ServerboundBlockEntityTagQuery  id 1 larger than expected error detected, printing packet and buffer. Stacktrace gets logged after this
[23Feb2025 00:30:40.368] [Netty Epoll Server IO #1/WARN] [com.connectivity.Connectivity/]: Packet data:
{
  "f_133798_": 1,
  "f_133799_": "BlockPos{x=2622464, y=992, z=1073200}"
}
[23Feb2025 00:30:40.368] [Netty Epoll Server IO #1/WARN] [com.connectivity.Connectivity/]: Packet:PooledUnsafeDirectByteBuf  id 1 data of 11 extra bytes: 
[23Feb2025 00:30:40.369] [Netty Epoll Server IO #1/WARN] [com.connectivity.Connectivity/]: Packet data:
[
  "<partial numeric data>",
  "[54, -92, -32, -50, -98, -25, 16, -117, -110, -6, 110]"
]
